<?xml version="1.0" encoding="UTF-8"?>
<robot generator="Robot 7.4.2 (PyPy 3.11.13 on darwin)" generated="2026-03-17T16:56:34.286020" rpa="false" schemaversion="5">
<suite id="s1" name="Login Poc" source="/Users/npatil/Work/POC_ Zephyr/tests/login_poc.robot">
<test id="s1-t1" name="Login Valid User" line="8">
<kw name="Open Browser With Custom Chrome Options">
<kw name="Evaluate" owner="BuiltIn">
<msg time="2026-03-17T16:56:34.515555" level="INFO">${chrome_options} = &lt;selenium.webdriver.chrome.options.Options object at 0x00000001204bb750&gt;</msg>
<var>${chrome_options}</var>
<arg>selenium.webdriver.ChromeOptions()</arg>
<doc>Evaluates the given expression in Python and returns the result.</doc>
<status status="PASS" start="2026-03-17T16:56:34.514059" elapsed="0.001565"/>
</kw>
<kw name="Create Dictionary" owner="BuiltIn">
<msg time="2026-03-17T16:56:34.516503" level="INFO">${prefs} = {'credentials_enable_service': False, 'profile.password_manager_enabled': False}</msg>
<var>${prefs}</var>
<arg>credentials_enable_service=${False}</arg>
<arg>profile.password_manager_enabled=${False}</arg>
<doc>Creates and returns a dictionary based on the given ``items``.</doc>
<status status="PASS" start="2026-03-17T16:56:34.515853" elapsed="0.000720"/>
</kw>
<kw name="Call Method" owner="BuiltIn">
<arg>${chrome_options}</arg>
<arg>add_experimental_option</arg>
<arg>prefs</arg>
<arg>${prefs}</arg>
<doc>Calls the named method of the given object with the provided arguments.</doc>
<status status="PASS" start="2026-03-17T16:56:34.516751" elapsed="0.000364"/>
</kw>
<kw name="Open Browser" owner="SeleniumLibrary">
<msg time="2026-03-17T16:56:34.517608" level="INFO">Opening browser 'Chrome' to base url 'https://www.saucedemo.com/'.</msg>
<arg>${LOGIN_URL}</arg>
<arg>${BROWSER}</arg>
<arg>options=${chrome_options}</arg>
<doc>Opens a new browser instance to the optional ``url``.</doc>
<status status="PASS" start="2026-03-17T16:56:34.517306" elapsed="2.421929"/>
</kw>
<doc>Open browser with Chrome options to disable password manager popup</doc>
<status status="PASS" start="2026-03-17T16:56:34.513101" elapsed="2.426531"/>
</kw>
<kw name="Input Text" owner="SeleniumLibrary">
<msg time="2026-03-17T16:56:36.941480" level="INFO">Typing text 'standard_user' into text field 'id:user-name'.</msg>
<arg>id:user-name</arg>
<arg>${USERNAME}</arg>
<doc>Types the given ``text`` into the text field identified by ``locator``.</doc>
<status status="PASS" start="2026-03-17T16:56:36.940023" elapsed="0.058885"/>
</kw>
<kw name="Input Text" owner="SeleniumLibrary">
<msg time="2026-03-17T16:56:36.999666" level="INFO">Typing text 'secret_sauce' into text field 'id:password'.</msg>
<arg>id:password</arg>
<arg>${PASSWORD}</arg>
<doc>Types the given ``text`` into the text field identified by ``locator``.</doc>
<status status="PASS" start="2026-03-17T16:56:36.999276" elapsed="0.036690"/>
</kw>
<kw name="Click Button" owner="SeleniumLibrary">
<msg time="2026-03-17T16:56:37.036854" level="INFO">Clicking button 'id:login-button'.</msg>
<arg>id:login-button</arg>
<doc>Clicks the button identified by ``locator``.</doc>
<status status="PASS" start="2026-03-17T16:56:37.036438" elapsed="0.042111"/>
</kw>
<kw name="Wait Until Page Contains" owner="SeleniumLibrary">
<arg>Products</arg>
<doc>Waits until ``text`` appears on the current page.</doc>
<status status="PASS" start="2026-03-17T16:56:37.078907" elapsed="0.006337"/>
</kw>
<kw name="Sync Zephyr Result If Enabled" type="TEARDOWN">
<kw name="Log" owner="BuiltIn">
<msg time="2026-03-17T16:56:37.086827" level="INFO">Test Status: PASS</msg>
<arg>Test Status: ${TEST_STATUS}</arg>
<doc>Logs the given message with the given level.</doc>
<status status="PASS" start="2026-03-17T16:56:37.086302" elapsed="0.000652"/>
</kw>
<kw name="Log" owner="BuiltIn">
<msg time="2026-03-17T16:56:37.087803" level="INFO">Test Tags: ['R7QE-T4080']</msg>
<arg>Test Tags: ${TEST_TAGS}</arg>
<doc>Logs the given message with the given level.</doc>
<status status="PASS" start="2026-03-17T16:56:37.087154" elapsed="0.000766"/>
</kw>
<kw name="Set Variable If" owner="BuiltIn">
<msg time="2026-03-17T16:56:37.088609" level="INFO">${zephyr_status} = PASS</msg>
<var>${zephyr_status}</var>
<arg>'${TEST_STATUS}' == 'PASS'</arg>
<arg>PASS</arg>
<arg>FAIL</arg>
<doc>Sets variable based on the given condition.</doc>
<status status="PASS" start="2026-03-17T16:56:37.088130" elapsed="0.000543"/>
</kw>
<kw name="Run Keyword If" owner="BuiltIn">
<kw name="Sync Result" owner="ZephyrSync">
<msg time="2026-03-17T16:56:39.529273" level="INFO">[INFO] Zephyr API initialized (EU)

============================================================
Updating Zephyr Execution
============================================================

[DEBUG] Searching for Zephyr key in tags: ['R7QE-T4080']
✓ Found Zephyr key: R7QE-T4080

============================================================
VALIDATION PHASE: Checking all prerequisites
============================================================


[VALIDATION] Checking if test case 'R7QE-T4080' exists...
[DEBUG] GET request to: https://eu.api.zephyrscale.smartbear.com/v2/testcases/R7QE-T4080
[DEBUG] Response status: 200
✓ Test case 'R7QE-T4080' exists
[VALIDATION] Checking if test cycle 'R7QE-R9' exists...
[DEBUG] GET request to: https://eu.api.zephyrscale.smartbear.com/v2/testcycles/R7QE-R9
[DEBUG] Response status: 200
✓ Test cycle 'R7QE-R9' exists
[VALIDATION] Checking if folder '420067' exists in project 'R7QE'...
[DEBUG] GET request to: https://eu.api.zephyrscale.smartbear.com/v2/testcases?projectKey=R7QE&amp;folderId=420067
[DEBUG] Response status: 200
✓ Folder '420067' exists in project 'R7QE'

✓ ALL VALIDATIONS PASSED - Proceeding with execution creation

Step 1: Creating test execution for R7QE-T4080 with status PASS in cycle R7QE-R9...
[DEBUG] POST request to: https://eu.api.zephyrscale.smartbear.com/v2/testexecutions
[DEBUG] Response status: 201
✓ Test execution created successfully

============================================================
Update Result: R7QE-T4080 - PASS
============================================================</msg>
<arg>${TEST_TAGS}</arg>
<arg>${zephyr_status}</arg>
<arg>${PROJECT_KEY}</arg>
<arg>${TEST_CYCLE}</arg>
<arg>${FOLDER_ID}</arg>
<doc>KEYWORD: Sync Result</doc>
<status status="PASS" start="2026-03-17T16:56:37.089845" elapsed="2.441277"/>
</kw>
<arg>${SYNC_TO_ZEPHYR}</arg>
<arg>Sync Result</arg>
<arg>${TEST_TAGS}</arg>
<arg>${zephyr_status}</arg>
<arg>${PROJECT_KEY}</arg>
<arg>${TEST_CYCLE}</arg>
<arg>${FOLDER_ID}</arg>
<doc>Runs the given keyword with the given arguments, if ``condition`` is true.</doc>
<status status="PASS" start="2026-03-17T16:56:37.088888" elapsed="2.443250"/>
</kw>
<kw name="Close All Browsers" owner="SeleniumLibrary">
<doc>Closes all open browsers and resets the browser cache.</doc>
<status status="PASS" start="2026-03-17T16:56:39.533169" elapsed="0.078266"/>
</kw>
<doc>Sync test result to Zephyr in teardown</doc>
<status status="PASS" start="2026-03-17T16:56:37.085815" elapsed="2.525902"/>
</kw>
<doc>Test login with valid credentials on SauceDemo</doc>
<tag>R7QE-T4080</tag>
<status status="PASS" start="2026-03-17T16:56:34.512312" elapsed="5.099602"/>
</test>
<test id="s1-t2" name="Login Invalid Password" line="17">
<kw name="Open Browser With Custom Chrome Options">
<kw name="Evaluate" owner="BuiltIn">
<msg time="2026-03-17T16:56:39.614120" level="INFO">${chrome_options} = &lt;selenium.webdriver.chrome.options.Options object at 0x0000000160029e18&gt;</msg>
<var>${chrome_options}</var>
<arg>selenium.webdriver.ChromeOptions()</arg>
<doc>Evaluates the given expression in Python and returns the result.</doc>
<status status="PASS" start="2026-03-17T16:56:39.613541" elapsed="0.000655"/>
</kw>
<kw name="Create Dictionary" owner="BuiltIn">
<msg time="2026-03-17T16:56:39.615063" level="INFO">${prefs} = {'credentials_enable_service': False, 'profile.password_manager_enabled': False}</msg>
<var>${prefs}</var>
<arg>credentials_enable_service=${False}</arg>
<arg>profile.password_manager_enabled=${False}</arg>
<doc>Creates and returns a dictionary based on the given ``items``.</doc>
<status status="PASS" start="2026-03-17T16:56:39.614432" elapsed="0.000701"/>
</kw>
<kw name="Call Method" owner="BuiltIn">
<arg>${chrome_options}</arg>
<arg>add_experimental_option</arg>
<arg>prefs</arg>
<arg>${prefs}</arg>
<doc>Calls the named method of the given object with the provided arguments.</doc>
<status status="PASS" start="2026-03-17T16:56:39.615423" elapsed="0.000490"/>
</kw>
<kw name="Open Browser" owner="SeleniumLibrary">
<msg time="2026-03-17T16:56:39.616550" level="INFO">Opening browser 'Chrome' to base url 'https://www.saucedemo.com/'.</msg>
<arg>${LOGIN_URL}</arg>
<arg>${BROWSER}</arg>
<arg>options=${chrome_options}</arg>
<doc>Opens a new browser instance to the optional ``url``.</doc>
<status status="PASS" start="2026-03-17T16:56:39.616172" elapsed="0.660551"/>
</kw>
<doc>Open browser with Chrome options to disable password manager popup</doc>
<status status="PASS" start="2026-03-17T16:56:39.613167" elapsed="0.664048"/>
</kw>
<kw name="Input Text" owner="SeleniumLibrary">
<msg time="2026-03-17T16:56:40.278485" level="INFO">Typing text 'standard_user' into text field 'id:user-name'.</msg>
<arg>id:user-name</arg>
<arg>${USERNAME}</arg>
<doc>Types the given ``text`` into the text field identified by ``locator``.</doc>
<status status="PASS" start="2026-03-17T16:56:40.277803" elapsed="0.416116"/>
</kw>
<kw name="Input Text" owner="SeleniumLibrary">
<msg time="2026-03-17T16:56:40.695263" level="INFO">Typing text 'invalidpassword' into text field 'id:password'.</msg>
<arg>id:password</arg>
<arg>invalidpassword</arg>
<doc>Types the given ``text`` into the text field identified by ``locator``.</doc>
<status status="PASS" start="2026-03-17T16:56:40.694807" elapsed="0.032023"/>
</kw>
<kw name="Click Button" owner="SeleniumLibrary">
<msg time="2026-03-17T16:56:40.727489" level="INFO">Clicking button 'id:login-button'.</msg>
<arg>id:login-button</arg>
<doc>Clicks the button identified by ``locator``.</doc>
<status status="PASS" start="2026-03-17T16:56:40.727187" elapsed="0.033953"/>
</kw>
<kw name="Wait Until Page Contains" owner="SeleniumLibrary">
<arg>Epic sadface</arg>
<doc>Waits until ``text`` appears on the current page.</doc>
<status status="PASS" start="2026-03-17T16:56:40.761670" elapsed="0.004707"/>
</kw>
<kw name="Fail" owner="BuiltIn">
<msg time="2026-03-17T16:56:40.767440" level="FAIL">Login test failed as expected</msg>
<arg>Login test failed as expected</arg>
<doc>Fails the test with the given message and optionally alters its tags.</doc>
<status status="FAIL" start="2026-03-17T16:56:40.766700" elapsed="0.001169">Login test failed as expected</status>
</kw>
<kw name="Sync Zephyr Result If Enabled" type="TEARDOWN">
<kw name="Log" owner="BuiltIn">
<msg time="2026-03-17T16:56:40.769088" level="INFO">Test Status: FAIL</msg>
<arg>Test Status: ${TEST_STATUS}</arg>
<doc>Logs the given message with the given level.</doc>
<status status="PASS" start="2026-03-17T16:56:40.768740" elapsed="0.000457"/>
</kw>
<kw name="Log" owner="BuiltIn">
<msg time="2026-03-17T16:56:40.770608" level="INFO">Test Tags: ['R7QE-T4081']</msg>
<arg>Test Tags: ${TEST_TAGS}</arg>
<doc>Logs the given message with the given level.</doc>
<status status="PASS" start="2026-03-17T16:56:40.769471" elapsed="0.001242"/>
</kw>
<kw name="Set Variable If" owner="BuiltIn">
<msg time="2026-03-17T16:56:40.771368" level="INFO">${zephyr_status} = FAIL</msg>
<var>${zephyr_status}</var>
<arg>'${TEST_STATUS}' == 'PASS'</arg>
<arg>PASS</arg>
<arg>FAIL</arg>
<doc>Sets variable based on the given condition.</doc>
<status status="PASS" start="2026-03-17T16:56:40.770899" elapsed="0.000525"/>
</kw>
<kw name="Run Keyword If" owner="BuiltIn">
<kw name="Sync Result" owner="ZephyrSync">
<msg time="2026-03-17T16:56:43.238861" level="INFO">[INFO] Zephyr API initialized (EU)

============================================================
Updating Zephyr Execution
============================================================

[DEBUG] Searching for Zephyr key in tags: ['R7QE-T4081']
✓ Found Zephyr key: R7QE-T4081

============================================================
VALIDATION PHASE: Checking all prerequisites
============================================================


[VALIDATION] Checking if test case 'R7QE-T4081' exists...
[DEBUG] GET request to: https://eu.api.zephyrscale.smartbear.com/v2/testcases/R7QE-T4081
[DEBUG] Response status: 200
✓ Test case 'R7QE-T4081' exists
[VALIDATION] Checking if test cycle 'R7QE-R9' exists...
[DEBUG] GET request to: https://eu.api.zephyrscale.smartbear.com/v2/testcycles/R7QE-R9
[DEBUG] Response status: 200
✓ Test cycle 'R7QE-R9' exists
[VALIDATION] Checking if folder '420067' exists in project 'R7QE'...
[DEBUG] GET request to: https://eu.api.zephyrscale.smartbear.com/v2/testcases?projectKey=R7QE&amp;folderId=420067
[DEBUG] Response status: 200
✓ Folder '420067' exists in project 'R7QE'

✓ ALL VALIDATIONS PASSED - Proceeding with execution creation

Step 1: Creating test execution for R7QE-T4081 with status FAIL in cycle R7QE-R9...
[DEBUG] POST request to: https://eu.api.zephyrscale.smartbear.com/v2/testexecutions
[DEBUG] Response status: 201
✓ Test execution created successfully

============================================================
Update Result: R7QE-T4081 - FAIL
============================================================</msg>
<arg>${TEST_TAGS}</arg>
<arg>${zephyr_status}</arg>
<arg>${PROJECT_KEY}</arg>
<arg>${TEST_CYCLE}</arg>
<arg>${FOLDER_ID}</arg>
<doc>KEYWORD: Sync Result</doc>
<status status="PASS" start="2026-03-17T16:56:40.772039" elapsed="2.467887"/>
</kw>
<arg>${SYNC_TO_ZEPHYR}</arg>
<arg>Sync Result</arg>
<arg>${TEST_TAGS}</arg>
<arg>${zephyr_status}</arg>
<arg>${PROJECT_KEY}</arg>
<arg>${TEST_CYCLE}</arg>
<arg>${FOLDER_ID}</arg>
<doc>Runs the given keyword with the given arguments, if ``condition`` is true.</doc>
<status status="PASS" start="2026-03-17T16:56:40.771609" elapsed="2.469165"/>
</kw>
<kw name="Close All Browsers" owner="SeleniumLibrary">
<doc>Closes all open browsers and resets the browser cache.</doc>
<status status="PASS" start="2026-03-17T16:56:43.241651" elapsed="0.077592"/>
</kw>
<doc>Sync test result to Zephyr in teardown</doc>
<status status="PASS" start="2026-03-17T16:56:40.768402" elapsed="2.551304"/>
</kw>
<doc>Test login with invalid password on SauceDemo</doc>
<tag>R7QE-T4081</tag>
<status status="FAIL" start="2026-03-17T16:56:39.612346" elapsed="3.707635">Login test failed as expected</status>
</test>
<status status="FAIL" start="2026-03-17T16:56:34.287367" elapsed="9.034597"/>
</suite>
<statistics>
<total>
<stat pass="1" fail="1" skip="0">All Tests</stat>
</total>
<tag>
<stat pass="1" fail="0" skip="0">R7QE-T4080</stat>
<stat pass="0" fail="1" skip="0">R7QE-T4081</stat>
</tag>
<suite>
<stat name="Login Poc" id="s1" pass="1" fail="1" skip="0">Login Poc</stat>
</suite>
</statistics>
<errors>
</errors>
</robot>
