<?xml version="1.0" encoding="UTF-8"?>
<robot generator="Robot 7.4.2 (PyPy 3.11.13 on darwin)" generated="2026-03-17T17:28:26.613471" rpa="false" schemaversion="5">
<suite id="s1" name="Login Poc" source="/Users/npatil/Work/POC_ Zephyr/tests/login_poc.robot">
<test id="s1-t1" name="Login Valid User" line="9">
<kw name="Start Test Timer" owner="ZephyrSync" type="SETUP">
<msg time="2026-03-17T17:28:26.809910" level="INFO">[TIMER] Started timer for: Login Valid User</msg>
<arg>${TEST_NAME}</arg>
<doc>KEYWORD: Start Test Timer</doc>
<status status="PASS" start="2026-03-17T17:28:26.809639" elapsed="0.000384"/>
</kw>
<kw name="Open Browser With Custom Chrome Options">
<kw name="Evaluate" owner="BuiltIn">
<msg time="2026-03-17T17:28:26.812009" level="INFO">${chrome_options} = &lt;selenium.webdriver.chrome.options.Options object at 0x0000000110426090&gt;</msg>
<var>${chrome_options}</var>
<arg>selenium.webdriver.ChromeOptions()</arg>
<doc>Evaluates the given expression in Python and returns the result.</doc>
<status status="PASS" start="2026-03-17T17:28:26.810886" elapsed="0.001194"/>
</kw>
<kw name="Create Dictionary" owner="BuiltIn">
<msg time="2026-03-17T17:28:26.812994" level="INFO">${prefs} = {'credentials_enable_service': False, 'profile.password_manager_enabled': False}</msg>
<var>${prefs}</var>
<arg>credentials_enable_service=${False}</arg>
<arg>profile.password_manager_enabled=${False}</arg>
<doc>Creates and returns a dictionary based on the given ``items``.</doc>
<status status="PASS" start="2026-03-17T17:28:26.812297" elapsed="0.000756"/>
</kw>
<kw name="Call Method" owner="BuiltIn">
<arg>${chrome_options}</arg>
<arg>add_experimental_option</arg>
<arg>prefs</arg>
<arg>${prefs}</arg>
<doc>Calls the named method of the given object with the provided arguments.</doc>
<status status="PASS" start="2026-03-17T17:28:26.813236" elapsed="0.000400"/>
</kw>
<kw name="Open Browser" owner="SeleniumLibrary">
<msg time="2026-03-17T17:28:26.814337" level="INFO">Opening browser 'Chrome' to base url 'https://www.saucedemo.com/'.</msg>
<arg>${LOGIN_URL}</arg>
<arg>${BROWSER}</arg>
<arg>options=${chrome_options}</arg>
<doc>Opens a new browser instance to the optional ``url``.</doc>
<status status="PASS" start="2026-03-17T17:28:26.813967" elapsed="1.062819"/>
</kw>
<doc>Open browser with Chrome options to disable password manager popup</doc>
<status status="PASS" start="2026-03-17T17:28:26.810406" elapsed="1.067016"/>
</kw>
<kw name="Input Text" owner="SeleniumLibrary">
<msg time="2026-03-17T17:28:27.879509" level="INFO">Typing text 'standard_user' into text field 'id:user-name'.</msg>
<arg>id:user-name</arg>
<arg>${USERNAME}</arg>
<doc>Types the given ``text`` into the text field identified by ``locator``.</doc>
<status status="PASS" start="2026-03-17T17:28:27.878147" elapsed="0.061175"/>
</kw>
<kw name="Input Text" owner="SeleniumLibrary">
<msg time="2026-03-17T17:28:27.940087" level="INFO">Typing text 'secret_sauce' into text field 'id:password'.</msg>
<arg>id:password</arg>
<arg>${PASSWORD}</arg>
<doc>Types the given ``text`` into the text field identified by ``locator``.</doc>
<status status="PASS" start="2026-03-17T17:28:27.939707" elapsed="0.031607"/>
</kw>
<kw name="Click Button" owner="SeleniumLibrary">
<msg time="2026-03-17T17:28:27.972246" level="INFO">Clicking button 'id:login-button'.</msg>
<arg>id:login-button</arg>
<doc>Clicks the button identified by ``locator``.</doc>
<status status="PASS" start="2026-03-17T17:28:27.971879" elapsed="0.034143"/>
</kw>
<kw name="Wait Until Page Contains" owner="SeleniumLibrary">
<arg>Products</arg>
<doc>Waits until ``text`` appears on the current page.</doc>
<status status="PASS" start="2026-03-17T17:28:28.006345" elapsed="0.005267"/>
</kw>
<kw name="Sync Zephyr Result With Time" type="TEARDOWN">
<kw name="Log" owner="BuiltIn">
<msg time="2026-03-17T17:28:28.013133" level="INFO">Test Status: PASS</msg>
<arg>Test Status: ${TEST_STATUS}</arg>
<doc>Logs the given message with the given level.</doc>
<status status="PASS" start="2026-03-17T17:28:28.012689" elapsed="0.000553"/>
</kw>
<kw name="Log" owner="BuiltIn">
<msg time="2026-03-17T17:28:28.013731" level="INFO">Test Tags: ['R7QE-T4080']</msg>
<arg>Test Tags: ${TEST_TAGS}</arg>
<doc>Logs the given message with the given level.</doc>
<status status="PASS" start="2026-03-17T17:28:28.013415" elapsed="0.000417"/>
</kw>
<kw name="Log" owner="BuiltIn">
<msg time="2026-03-17T17:28:28.014305" level="INFO">Test Name: Login Valid User</msg>
<arg>Test Name: ${TEST_NAME}</arg>
<doc>Logs the given message with the given level.</doc>
<status status="PASS" start="2026-03-17T17:28:28.013996" elapsed="0.000412"/>
</kw>
<kw name="Set Variable If" owner="BuiltIn">
<msg time="2026-03-17T17:28:28.015244" level="INFO">${zephyr_status} = PASS</msg>
<var>${zephyr_status}</var>
<arg>'${TEST_STATUS}' == 'PASS'</arg>
<arg>PASS</arg>
<arg>FAIL</arg>
<doc>Sets variable based on the given condition.</doc>
<status status="PASS" start="2026-03-17T17:28:28.014753" elapsed="0.000549"/>
</kw>
<kw name="Run Keyword If" owner="BuiltIn">
<kw name="Sync Result With Time" owner="ZephyrSync">
<msg time="2026-03-17T17:28:28.016306" level="INFO">[TIMER] Stopped timer for: Login Valid User
[TIMER] Execution time: 1206ms (1.21s)
[INFO] Zephyr API initialized (EU)
✗ Error updating test execution: int() argument must be a string, a bytes-like object or a number, not 'NoneType'</msg>
<arg>${TEST_TAGS}</arg>
<arg>${zephyr_status}</arg>
<arg>${TEST_NAME}</arg>
<arg>${PROJECT_KEY}</arg>
<arg>${TEST_CYCLE}</arg>
<arg>${FOLDER_ID}</arg>
<doc>KEYWORD: Sync Result With Time</doc>
<status status="PASS" start="2026-03-17T17:28:28.015921" elapsed="0.000486"/>
</kw>
<arg>${SYNC_TO_ZEPHYR}</arg>
<arg>Sync Result With Time</arg>
<arg>${TEST_TAGS}</arg>
<arg>${zephyr_status}</arg>
<arg>${TEST_NAME}</arg>
<arg>${PROJECT_KEY}</arg>
<arg>${TEST_CYCLE}</arg>
<arg>${FOLDER_ID}</arg>
<doc>Runs the given keyword with the given arguments, if ``condition`` is true.</doc>
<status status="PASS" start="2026-03-17T17:28:28.015485" elapsed="0.001109"/>
</kw>
<kw name="Close All Browsers" owner="SeleniumLibrary">
<doc>Closes all open browsers and resets the browser cache.</doc>
<status status="PASS" start="2026-03-17T17:28:28.016792" elapsed="0.075383"/>
</kw>
<doc>Stop timer and sync test result with execution time to Zephyr</doc>
<status status="PASS" start="2026-03-17T17:28:28.012303" elapsed="0.080156"/>
</kw>
<doc>Test login with valid credentials on SauceDemo</doc>
<tag>R7QE-T4080</tag>
<status status="PASS" start="2026-03-17T17:28:26.808340" elapsed="1.284365"/>
</test>
<test id="s1-t2" name="Login Invalid Password" line="18">
<kw name="Start Test Timer" owner="ZephyrSync" type="SETUP">
<msg time="2026-03-17T17:28:28.093908" level="INFO">[TIMER] Started timer for: Login Invalid Password</msg>
<arg>${TEST_NAME}</arg>
<doc>KEYWORD: Start Test Timer</doc>
<status status="PASS" start="2026-03-17T17:28:28.093663" elapsed="0.000345"/>
</kw>
<kw name="Open Browser With Custom Chrome Options">
<kw name="Evaluate" owner="BuiltIn">
<msg time="2026-03-17T17:28:28.095044" level="INFO">${chrome_options} = &lt;selenium.webdriver.chrome.options.Options object at 0x0000000148140a30&gt;</msg>
<var>${chrome_options}</var>
<arg>selenium.webdriver.ChromeOptions()</arg>
<doc>Evaluates the given expression in Python and returns the result.</doc>
<status status="PASS" start="2026-03-17T17:28:28.094588" elapsed="0.000851"/>
</kw>
<kw name="Create Dictionary" owner="BuiltIn">
<msg time="2026-03-17T17:28:28.096695" level="INFO">${prefs} = {'credentials_enable_service': False, 'profile.password_manager_enabled': False}</msg>
<var>${prefs}</var>
<arg>credentials_enable_service=${False}</arg>
<arg>profile.password_manager_enabled=${False}</arg>
<doc>Creates and returns a dictionary based on the given ``items``.</doc>
<status status="PASS" start="2026-03-17T17:28:28.095632" elapsed="0.001130"/>
</kw>
<kw name="Call Method" owner="BuiltIn">
<arg>${chrome_options}</arg>
<arg>add_experimental_option</arg>
<arg>prefs</arg>
<arg>${prefs}</arg>
<doc>Calls the named method of the given object with the provided arguments.</doc>
<status status="PASS" start="2026-03-17T17:28:28.096943" elapsed="0.000381"/>
</kw>
<kw name="Open Browser" owner="SeleniumLibrary">
<msg time="2026-03-17T17:28:28.097862" level="INFO">Opening browser 'Chrome' to base url 'https://www.saucedemo.com/'.</msg>
<arg>${LOGIN_URL}</arg>
<arg>${BROWSER}</arg>
<arg>options=${chrome_options}</arg>
<doc>Opens a new browser instance to the optional ``url``.</doc>
<status status="PASS" start="2026-03-17T17:28:28.097559" elapsed="1.231519"/>
</kw>
<doc>Open browser with Chrome options to disable password manager popup</doc>
<status status="PASS" start="2026-03-17T17:28:28.094317" elapsed="1.235211"/>
</kw>
<kw name="Input Text" owner="SeleniumLibrary">
<msg time="2026-03-17T17:28:29.330512" level="INFO">Typing text 'standard_user' into text field 'id:user-name'.</msg>
<arg>id:user-name</arg>
<arg>${USERNAME}</arg>
<doc>Types the given ``text`` into the text field identified by ``locator``.</doc>
<status status="PASS" start="2026-03-17T17:28:29.329972" elapsed="0.058380"/>
</kw>
<kw name="Input Text" owner="SeleniumLibrary">
<msg time="2026-03-17T17:28:29.389116" level="INFO">Typing text 'invalidpassword' into text field 'id:password'.</msg>
<arg>id:password</arg>
<arg>invalidpassword</arg>
<doc>Types the given ``text`` into the text field identified by ``locator``.</doc>
<status status="PASS" start="2026-03-17T17:28:29.388721" elapsed="0.031500"/>
</kw>
<kw name="Click Button" owner="SeleniumLibrary">
<msg time="2026-03-17T17:28:29.420883" level="INFO">Clicking button 'id:login-button'.</msg>
<arg>id:login-button</arg>
<doc>Clicks the button identified by ``locator``.</doc>
<status status="PASS" start="2026-03-17T17:28:29.420579" elapsed="0.036113"/>
</kw>
<kw name="Wait Until Page Contains" owner="SeleniumLibrary">
<arg>Epic sadface</arg>
<doc>Waits until ``text`` appears on the current page.</doc>
<status status="PASS" start="2026-03-17T17:28:29.457046" elapsed="0.005043"/>
</kw>
<kw name="Fail" owner="BuiltIn">
<msg time="2026-03-17T17:28:29.463151" level="FAIL">Login test failed as expected</msg>
<arg>Login test failed as expected</arg>
<doc>Fails the test with the given message and optionally alters its tags.</doc>
<status status="FAIL" start="2026-03-17T17:28:29.462459" elapsed="0.001019">Login test failed as expected</status>
</kw>
<kw name="Sync Zephyr Result With Time" type="TEARDOWN">
<kw name="Log" owner="BuiltIn">
<msg time="2026-03-17T17:28:29.464812" level="INFO">Test Status: FAIL</msg>
<arg>Test Status: ${TEST_STATUS}</arg>
<doc>Logs the given message with the given level.</doc>
<status status="PASS" start="2026-03-17T17:28:29.464437" elapsed="0.000481"/>
</kw>
<kw name="Log" owner="BuiltIn">
<msg time="2026-03-17T17:28:29.465731" level="INFO">Test Tags: ['R7QE-T4081']</msg>
<arg>Test Tags: ${TEST_TAGS}</arg>
<doc>Logs the given message with the given level.</doc>
<status status="PASS" start="2026-03-17T17:28:29.465112" elapsed="0.000740"/>
</kw>
<kw name="Log" owner="BuiltIn">
<msg time="2026-03-17T17:28:29.466547" level="INFO">Test Name: Login Invalid Password</msg>
<arg>Test Name: ${TEST_NAME}</arg>
<doc>Logs the given message with the given level.</doc>
<status status="PASS" start="2026-03-17T17:28:29.466041" elapsed="0.000675"/>
</kw>
<kw name="Set Variable If" owner="BuiltIn">
<msg time="2026-03-17T17:28:29.467503" level="INFO">${zephyr_status} = FAIL</msg>
<var>${zephyr_status}</var>
<arg>'${TEST_STATUS}' == 'PASS'</arg>
<arg>PASS</arg>
<arg>FAIL</arg>
<doc>Sets variable based on the given condition.</doc>
<status status="PASS" start="2026-03-17T17:28:29.466969" elapsed="0.000598"/>
</kw>
<kw name="Run Keyword If" owner="BuiltIn">
<kw name="Sync Result With Time" owner="ZephyrSync">
<msg time="2026-03-17T17:28:29.468758" level="INFO">[TIMER] Stopped timer for: Login Invalid Password
[TIMER] Execution time: 1374ms (1.37s)
[INFO] Zephyr API initialized (EU)
✗ Error updating test execution: int() argument must be a string, a bytes-like object or a number, not 'NoneType'</msg>
<arg>${TEST_TAGS}</arg>
<arg>${zephyr_status}</arg>
<arg>${TEST_NAME}</arg>
<arg>${PROJECT_KEY}</arg>
<arg>${TEST_CYCLE}</arg>
<arg>${FOLDER_ID}</arg>
<doc>KEYWORD: Sync Result With Time</doc>
<status status="PASS" start="2026-03-17T17:28:29.468386" elapsed="0.000476"/>
</kw>
<arg>${SYNC_TO_ZEPHYR}</arg>
<arg>Sync Result With Time</arg>
<arg>${TEST_TAGS}</arg>
<arg>${zephyr_status}</arg>
<arg>${TEST_NAME}</arg>
<arg>${PROJECT_KEY}</arg>
<arg>${TEST_CYCLE}</arg>
<arg>${FOLDER_ID}</arg>
<doc>Runs the given keyword with the given arguments, if ``condition`` is true.</doc>
<status status="PASS" start="2026-03-17T17:28:29.467766" elapsed="0.001261"/>
</kw>
<kw name="Close All Browsers" owner="SeleniumLibrary">
<doc>Closes all open browsers and resets the browser cache.</doc>
<status status="PASS" start="2026-03-17T17:28:29.469225" elapsed="0.075505"/>
</kw>
<doc>Stop timer and sync test result with execution time to Zephyr</doc>
<status status="PASS" start="2026-03-17T17:28:29.464049" elapsed="0.080980"/>
</kw>
<doc>Test login with invalid password on SauceDemo</doc>
<tag>R7QE-T4081</tag>
<status status="FAIL" start="2026-03-17T17:28:28.093185" elapsed="1.452034">Login test failed as expected</status>
</test>
<status status="FAIL" start="2026-03-17T17:28:26.614614" elapsed="2.931334"/>
</suite>
<statistics>
<total>
<stat pass="1" fail="1" skip="0">All Tests</stat>
</total>
<tag>
<stat pass="1" fail="0" skip="0">R7QE-T4080</stat>
<stat pass="0" fail="1" skip="0">R7QE-T4081</stat>
</tag>
<suite>
<stat name="Login Poc" id="s1" pass="1" fail="1" skip="0">Login Poc</stat>
</suite>
</statistics>
<errors>
</errors>
</robot>
